2023-10-12T00:18:18.312+05:30  INFO 23500 --- [http-nio-8181-exec-1] o.a.c.c.C.[Tomcat].[localhost].[/]       : Initializing Spring DispatcherServlet 'dispatcherServlet'
2023-10-12T00:18:18.451+05:30  INFO 23500 --- [http-nio-8181-exec-1] o.s.web.servlet.DispatcherServlet        : Initializing Servlet 'dispatcherServlet'
2023-10-12T00:18:18.507+05:30  INFO 23500 --- [http-nio-8181-exec-1] o.s.web.servlet.DispatcherServlet        : Completed initialization in 56 ms
2023-10-12T00:18:18.524+05:30 DEBUG 23500 --- [http-nio-8181-exec-1] o.s.security.web.FilterChainProxy        : Securing OPTIONS /api/auth/login
2023-10-12T00:20:38.865+05:30 DEBUG 23500 --- [http-nio-8181-exec-3] o.s.security.web.FilterChainProxy        : Securing OPTIONS /api/auth/login
2023-10-12T00:21:11.214+05:30 DEBUG 23500 --- [http-nio-8181-exec-4] o.s.security.web.FilterChainProxy        : Securing OPTIONS /api/auth/signup
2023-10-12T00:21:18.673+05:30  INFO 23500 --- [RMI TCP Connection(56)-127.0.0.1] inMXBeanRegistrar$SpringApplicationAdmin : Application shutdown requested.
2023-10-12T00:21:18.717+05:30  INFO 23500 --- [RMI TCP Connection(56)-127.0.0.1] o.apache.catalina.core.StandardService   : Stopping service [Tomcat]
2023-10-12T00:21:18.719+05:30  INFO 23500 --- [RMI TCP Connection(56)-127.0.0.1] o.a.c.c.C.[Tomcat].[localhost].[/]       : Destroying Spring FrameworkServlet 'dispatcherServlet'
2023-10-12T00:21:18.762+05:30  INFO 23500 --- [RMI TCP Connection(56)-127.0.0.1] j.LocalContainerEntityManagerFactoryBean : Closing JPA EntityManagerFactory for persistence unit 'default'
2023-10-12T00:21:18.787+05:30  INFO 23500 --- [RMI TCP Connection(56)-127.0.0.1] com.zaxxer.hikari.HikariDataSource       : HikariPool-5 - Shutdown initiated...
2023-10-12T00:21:18.819+05:30  INFO 23500 --- [RMI TCP Connection(56)-127.0.0.1] com.zaxxer.hikari.HikariDataSource       : HikariPool-5 - Shutdown completed.
2023-10-12T00:21:55.647+05:30  INFO 10824 --- [restartedMain] com.cartit.NinjaCartApplication          : Starting NinjaCartApplication using Java 17.0.7 with PID 10824 (D:\3yr proj\Sports-Spring-Backup\target\classes started by ADMIN in D:\3yr proj\Sports-Spring-Backup)
2023-10-12T00:21:55.650+05:30  INFO 10824 --- [restartedMain] com.cartit.NinjaCartApplication          : No active profile set, falling back to 1 default profile: "default"
2023-10-12T00:21:55.714+05:30  INFO 10824 --- [restartedMain] .e.DevToolsPropertyDefaultsPostProcessor : Devtools property defaults active! Set 'spring.devtools.add-properties' to 'false' to disable
2023-10-12T00:21:55.715+05:30  INFO 10824 --- [restartedMain] .e.DevToolsPropertyDefaultsPostProcessor : For additional web related logging consider setting the 'logging.level.web' property to 'DEBUG'
2023-10-12T00:21:56.656+05:30  INFO 10824 --- [restartedMain] .s.d.r.c.RepositoryConfigurationDelegate : Bootstrapping Spring Data JPA repositories in DEFAULT mode.
2023-10-12T00:21:56.717+05:30  INFO 10824 --- [restartedMain] .s.d.r.c.RepositoryConfigurationDelegate : Finished Spring Data repository scanning in 54 ms. Found 3 JPA repository interfaces.
2023-10-12T00:21:57.301+05:30  INFO 10824 --- [restartedMain] o.s.b.w.embedded.tomcat.TomcatWebServer  : Tomcat initialized with port(s): 8181 (http)
2023-10-12T00:21:57.315+05:30  INFO 10824 --- [restartedMain] o.apache.catalina.core.StandardService   : Starting service [Tomcat]
2023-10-12T00:21:57.315+05:30  INFO 10824 --- [restartedMain] o.apache.catalina.core.StandardEngine    : Starting Servlet engine: [Apache Tomcat/10.1.13]
2023-10-12T00:21:57.378+05:30  INFO 10824 --- [restartedMain] o.a.c.c.C.[Tomcat].[localhost].[/]       : Initializing Spring embedded WebApplicationContext
2023-10-12T00:21:57.379+05:30  INFO 10824 --- [restartedMain] w.s.c.ServletWebServerApplicationContext : Root WebApplicationContext: initialization completed in 1664 ms
2023-10-12T00:21:57.577+05:30  INFO 10824 --- [restartedMain] o.hibernate.jpa.internal.util.LogHelper  : HHH000204: Processing PersistenceUnitInfo [name: default]
2023-10-12T00:21:57.628+05:30  INFO 10824 --- [restartedMain] org.hibernate.Version                    : HHH000412: Hibernate ORM core version 6.2.9.Final
2023-10-12T00:21:57.630+05:30  INFO 10824 --- [restartedMain] org.hibernate.cfg.Environment            : HHH000406: Using bytecode reflection optimizer
2023-10-12T00:21:57.758+05:30  INFO 10824 --- [restartedMain] o.h.b.i.BytecodeProviderInitiator        : HHH000021: Bytecode provider name : bytebuddy
2023-10-12T00:21:57.867+05:30  INFO 10824 --- [restartedMain] o.s.o.j.p.SpringPersistenceUnitInfo      : No LoadTimeWeaver setup: ignoring JPA class transformer
2023-10-12T00:21:57.891+05:30  INFO 10824 --- [restartedMain] com.zaxxer.hikari.HikariDataSource       : HikariPool-1 - Starting...
2023-10-12T00:21:58.175+05:30  INFO 10824 --- [restartedMain] com.zaxxer.hikari.pool.HikariPool        : HikariPool-1 - Added connection com.mysql.cj.jdbc.ConnectionImpl@6c836ced
2023-10-12T00:21:58.177+05:30  INFO 10824 --- [restartedMain] com.zaxxer.hikari.HikariDataSource       : HikariPool-1 - Start completed.
2023-10-12T00:21:58.259+05:30  WARN 10824 --- [restartedMain] org.hibernate.orm.deprecation            : HHH90000026: MySQL8Dialect has been deprecated; use org.hibernate.dialect.MySQLDialect instead
2023-10-12T00:21:58.567+05:30  INFO 10824 --- [restartedMain] o.h.b.i.BytecodeProviderInitiator        : HHH000021: Bytecode provider name : bytebuddy
2023-10-12T00:21:59.126+05:30  INFO 10824 --- [restartedMain] o.h.e.t.j.p.i.JtaPlatformInitiator       : HHH000490: Using JtaPlatform implementation: [org.hibernate.engine.transaction.jta.platform.internal.NoJtaPlatform]
2023-10-12T00:21:59.219+05:30  INFO 10824 --- [restartedMain] j.LocalContainerEntityManagerFactoryBean : Initialized JPA EntityManagerFactory for persistence unit 'default'
2023-10-12T00:21:59.766+05:30  WARN 10824 --- [restartedMain] JpaBaseConfiguration$JpaWebConfiguration : spring.jpa.open-in-view is enabled by default. Therefore, database queries may be performed during view rendering. Explicitly configure spring.jpa.open-in-view to disable this warning
2023-10-12T00:22:00.132+05:30  INFO 10824 --- [restartedMain] o.s.b.a.e.web.EndpointLinksResolver      : Exposing 1 endpoint(s) beneath base path '/actuator'
2023-10-12T00:22:00.188+05:30  INFO 10824 --- [restartedMain] o.s.s.web.DefaultSecurityFilterChain     : Will secure any request with [org.springframework.security.web.session.DisableEncodeUrlFilter@15197174, org.springframework.security.web.context.request.async.WebAsyncManagerIntegrationFilter@387abe32, org.springframework.security.web.context.SecurityContextHolderFilter@59e51fd0, org.springframework.security.web.header.HeaderWriterFilter@a36f931, org.springframework.web.filter.CorsFilter@7b936763, org.springframework.security.web.authentication.logout.LogoutFilter@224789ab, com.cartit.config.JwtAuthenticationFilter@6260afe, org.springframework.security.web.savedrequest.RequestCacheAwareFilter@573a147a, org.springframework.security.web.servletapi.SecurityContextHolderAwareRequestFilter@1dc6c6c0, org.springframework.security.web.authentication.AnonymousAuthenticationFilter@5ac1e245, org.springframework.security.web.session.SessionManagementFilter@604f40b4, org.springframework.security.web.access.ExceptionTranslationFilter@f59ab15, org.springframework.security.web.access.intercept.AuthorizationFilter@20d1a3f6]
2023-10-12T00:22:00.481+05:30  INFO 10824 --- [restartedMain] o.s.b.d.a.OptionalLiveReloadServer       : LiveReload server is running on port 35729
2023-10-12T00:22:00.563+05:30  INFO 10824 --- [restartedMain] o.s.b.w.embedded.tomcat.TomcatWebServer  : Tomcat started on port(s): 8181 (http) with context path ''
2023-10-12T00:22:00.581+05:30  INFO 10824 --- [restartedMain] com.cartit.NinjaCartApplication          : Started NinjaCartApplication in 5.285 seconds (process running for 6.026)
2023-10-12T00:22:01.656+05:30  INFO 10824 --- [RMI TCP Connection(9)-127.0.0.1] o.a.c.c.C.[Tomcat].[localhost].[/]       : Initializing Spring DispatcherServlet 'dispatcherServlet'
2023-10-12T00:22:01.656+05:30  INFO 10824 --- [RMI TCP Connection(9)-127.0.0.1] o.s.web.servlet.DispatcherServlet        : Initializing Servlet 'dispatcherServlet'
2023-10-12T00:22:01.657+05:30  INFO 10824 --- [RMI TCP Connection(9)-127.0.0.1] o.s.web.servlet.DispatcherServlet        : Completed initialization in 1 ms
2023-10-12T00:23:31.249+05:30 DEBUG 10824 --- [http-nio-8181-exec-1] o.s.security.web.FilterChainProxy        : Securing OPTIONS /api/auth/signup
2023-10-12T00:23:31.284+05:30 DEBUG 10824 --- [http-nio-8181-exec-2] o.s.security.web.FilterChainProxy        : Securing POST /api/auth/signup
2023-10-12T00:23:31.291+05:30 DEBUG 10824 --- [http-nio-8181-exec-2] o.s.s.w.a.AnonymousAuthenticationFilter  : Set SecurityContextHolder to anonymous SecurityContext
2023-10-12T00:23:31.299+05:30 DEBUG 10824 --- [http-nio-8181-exec-2] o.s.security.web.FilterChainProxy        : Secured POST /api/auth/signup
2023-10-12T00:23:35.741+05:30 DEBUG 10824 --- [http-nio-8181-exec-4] o.s.security.web.FilterChainProxy        : Securing OPTIONS /api/auth/login
2023-10-12T00:23:35.746+05:30 DEBUG 10824 --- [http-nio-8181-exec-5] o.s.security.web.FilterChainProxy        : Securing POST /api/auth/login
2023-10-12T00:23:35.747+05:30 DEBUG 10824 --- [http-nio-8181-exec-5] o.s.s.w.a.AnonymousAuthenticationFilter  : Set SecurityContextHolder to anonymous SecurityContext
2023-10-12T00:23:35.748+05:30 DEBUG 10824 --- [http-nio-8181-exec-5] o.s.security.web.FilterChainProxy        : Secured POST /api/auth/login
2023-10-12T00:23:35.924+05:30 DEBUG 10824 --- [http-nio-8181-exec-5] o.s.s.a.dao.DaoAuthenticationProvider    : Authenticated user
2023-10-12T00:45:56.841+05:30 DEBUG 10824 --- [http-nio-8181-exec-7] o.s.security.web.FilterChainProxy        : Securing OPTIONS /api/auth/login
2023-10-12T00:45:56.888+05:30 DEBUG 10824 --- [http-nio-8181-exec-8] o.s.security.web.FilterChainProxy        : Securing POST /api/auth/login
2023-10-12T00:45:56.893+05:30 DEBUG 10824 --- [http-nio-8181-exec-8] o.s.s.w.a.AnonymousAuthenticationFilter  : Set SecurityContextHolder to anonymous SecurityContext
2023-10-12T00:45:56.903+05:30 DEBUG 10824 --- [http-nio-8181-exec-8] o.s.security.web.FilterChainProxy        : Secured POST /api/auth/login
2023-10-12T00:45:57.192+05:30 DEBUG 10824 --- [http-nio-8181-exec-8] o.s.s.a.dao.DaoAuthenticationProvider    : Authenticated user
2023-10-12T00:50:32.790+05:30  INFO 10824 --- [RMI TCP Connection(40)-127.0.0.1] inMXBeanRegistrar$SpringApplicationAdmin : Application shutdown requested.
2023-10-12T00:50:32.999+05:30  INFO 10824 --- [RMI TCP Connection(40)-127.0.0.1] o.apache.catalina.core.StandardService   : Stopping service [Tomcat]
2023-10-12T00:50:33.011+05:30  INFO 10824 --- [RMI TCP Connection(40)-127.0.0.1] o.a.c.c.C.[Tomcat].[localhost].[/]       : Destroying Spring FrameworkServlet 'dispatcherServlet'
2023-10-12T00:50:33.041+05:30  WARN 10824 --- [RMI TCP Connection(40)-127.0.0.1] o.a.c.loader.WebappClassLoaderBase       : The web application [ROOT] appears to have started a thread named [HikariPool-1 housekeeper] but has failed to stop it. This is very likely to create a memory leak. Stack trace of thread:
 java.base@17.0.7/jdk.internal.misc.Unsafe.park(Native Method)
 java.base@17.0.7/java.util.concurrent.locks.LockSupport.parkNanos(LockSupport.java:252)
 java.base@17.0.7/java.util.concurrent.locks.AbstractQueuedSynchronizer$ConditionObject.awaitNanos(AbstractQueuedSynchronizer.java:1672)
 java.base@17.0.7/java.util.concurrent.ScheduledThreadPoolExecutor$DelayedWorkQueue.take(ScheduledThreadPoolExecutor.java:1182)
 java.base@17.0.7/java.util.concurrent.ScheduledThreadPoolExecutor$DelayedWorkQueue.take(ScheduledThreadPoolExecutor.java:899)
 java.base@17.0.7/java.util.concurrent.ThreadPoolExecutor.getTask(ThreadPoolExecutor.java:1062)
 java.base@17.0.7/java.util.concurrent.ThreadPoolExecutor.runWorker(ThreadPoolExecutor.java:1122)
 java.base@17.0.7/java.util.concurrent.ThreadPoolExecutor$Worker.run(ThreadPoolExecutor.java:635)
 java.base@17.0.7/java.lang.Thread.run(Thread.java:833)
2023-10-12T00:50:33.104+05:30  INFO 10824 --- [RMI TCP Connection(40)-127.0.0.1] j.LocalContainerEntityManagerFactoryBean : Closing JPA EntityManagerFactory for persistence unit 'default'
2023-10-12T00:50:33.141+05:30  INFO 10824 --- [RMI TCP Connection(40)-127.0.0.1] com.zaxxer.hikari.HikariDataSource       : HikariPool-1 - Shutdown initiated...
2023-10-12T00:50:33.179+05:30  INFO 10824 --- [RMI TCP Connection(40)-127.0.0.1] com.zaxxer.hikari.HikariDataSource       : HikariPool-1 - Shutdown completed.
2023-10-12T09:53:11.393+05:30  INFO 6524 --- [restartedMain] com.cartit.NinjaCartApplication          : Starting NinjaCartApplication using Java 17.0.7 with PID 6524 (D:\3yr proj\Sports-Spring-Backup\target\classes started by ADMIN in D:\3yr proj\Sports-Spring-Backup)
2023-10-12T09:53:11.396+05:30  INFO 6524 --- [restartedMain] com.cartit.NinjaCartApplication          : No active profile set, falling back to 1 default profile: "default"
2023-10-12T09:53:11.469+05:30  INFO 6524 --- [restartedMain] .e.DevToolsPropertyDefaultsPostProcessor : Devtools property defaults active! Set 'spring.devtools.add-properties' to 'false' to disable
2023-10-12T09:53:11.470+05:30  INFO 6524 --- [restartedMain] .e.DevToolsPropertyDefaultsPostProcessor : For additional web related logging consider setting the 'logging.level.web' property to 'DEBUG'
2023-10-12T09:53:12.447+05:30  INFO 6524 --- [restartedMain] .s.d.r.c.RepositoryConfigurationDelegate : Bootstrapping Spring Data JPA repositories in DEFAULT mode.
2023-10-12T09:53:12.516+05:30  INFO 6524 --- [restartedMain] .s.d.r.c.RepositoryConfigurationDelegate : Finished Spring Data repository scanning in 61 ms. Found 3 JPA repository interfaces.
2023-10-12T09:53:13.111+05:30  INFO 6524 --- [restartedMain] o.s.b.w.embedded.tomcat.TomcatWebServer  : Tomcat initialized with port(s): 8181 (http)
2023-10-12T09:53:13.119+05:30  INFO 6524 --- [restartedMain] o.apache.catalina.core.StandardService   : Starting service [Tomcat]
2023-10-12T09:53:13.120+05:30  INFO 6524 --- [restartedMain] o.apache.catalina.core.StandardEngine    : Starting Servlet engine: [Apache Tomcat/10.1.13]
2023-10-12T09:53:13.194+05:30  INFO 6524 --- [restartedMain] o.a.c.c.C.[Tomcat].[localhost].[/]       : Initializing Spring embedded WebApplicationContext
2023-10-12T09:53:13.194+05:30  INFO 6524 --- [restartedMain] w.s.c.ServletWebServerApplicationContext : Root WebApplicationContext: initialization completed in 1723 ms
2023-10-12T09:53:13.397+05:30  INFO 6524 --- [restartedMain] o.hibernate.jpa.internal.util.LogHelper  : HHH000204: Processing PersistenceUnitInfo [name: default]
2023-10-12T09:53:13.442+05:30  INFO 6524 --- [restartedMain] org.hibernate.Version                    : HHH000412: Hibernate ORM core version 6.2.9.Final
2023-10-12T09:53:13.445+05:30  INFO 6524 --- [restartedMain] org.hibernate.cfg.Environment            : HHH000406: Using bytecode reflection optimizer
2023-10-12T09:53:13.587+05:30  INFO 6524 --- [restartedMain] o.h.b.i.BytecodeProviderInitiator        : HHH000021: Bytecode provider name : bytebuddy
2023-10-12T09:53:13.741+05:30  INFO 6524 --- [restartedMain] o.s.o.j.p.SpringPersistenceUnitInfo      : No LoadTimeWeaver setup: ignoring JPA class transformer
2023-10-12T09:53:13.759+05:30  INFO 6524 --- [restartedMain] com.zaxxer.hikari.HikariDataSource       : HikariPool-1 - Starting...
2023-10-12T09:53:14.147+05:30  INFO 6524 --- [restartedMain] com.zaxxer.hikari.pool.HikariPool        : HikariPool-1 - Added connection com.mysql.cj.jdbc.ConnectionImpl@3deca988
2023-10-12T09:53:14.150+05:30  INFO 6524 --- [restartedMain] com.zaxxer.hikari.HikariDataSource       : HikariPool-1 - Start completed.
2023-10-12T09:53:14.218+05:30  WARN 6524 --- [restartedMain] org.hibernate.orm.deprecation            : HHH90000026: MySQL8Dialect has been deprecated; use org.hibernate.dialect.MySQLDialect instead
2023-10-12T09:53:14.434+05:30  INFO 6524 --- [restartedMain] o.h.b.i.BytecodeProviderInitiator        : HHH000021: Bytecode provider name : bytebuddy
2023-10-12T09:53:15.041+05:30  INFO 6524 --- [restartedMain] o.h.e.t.j.p.i.JtaPlatformInitiator       : HHH000490: Using JtaPlatform implementation: [org.hibernate.engine.transaction.jta.platform.internal.NoJtaPlatform]
2023-10-12T09:53:15.148+05:30  INFO 6524 --- [restartedMain] j.LocalContainerEntityManagerFactoryBean : Initialized JPA EntityManagerFactory for persistence unit 'default'
2023-10-12T09:53:15.728+05:30  WARN 6524 --- [restartedMain] JpaBaseConfiguration$JpaWebConfiguration : spring.jpa.open-in-view is enabled by default. Therefore, database queries may be performed during view rendering. Explicitly configure spring.jpa.open-in-view to disable this warning
2023-10-12T09:53:16.247+05:30  INFO 6524 --- [restartedMain] o.s.b.a.e.web.EndpointLinksResolver      : Exposing 1 endpoint(s) beneath base path '/actuator'
2023-10-12T09:53:16.314+05:30  INFO 6524 --- [restartedMain] o.s.s.web.DefaultSecurityFilterChain     : Will secure any request with [org.springframework.security.web.session.DisableEncodeUrlFilter@743bd970, org.springframework.security.web.context.request.async.WebAsyncManagerIntegrationFilter@52c39e69, org.springframework.security.web.context.SecurityContextHolderFilter@38b0f9a3, org.springframework.security.web.header.HeaderWriterFilter@5b20bc80, org.springframework.web.filter.CorsFilter@4540da8e, org.springframework.security.web.authentication.logout.LogoutFilter@1363729, com.cartit.config.JwtAuthenticationFilter@e64cfce, org.springframework.security.web.savedrequest.RequestCacheAwareFilter@31761b55, org.springframework.security.web.servletapi.SecurityContextHolderAwareRequestFilter@2d8c3479, org.springframework.security.web.authentication.AnonymousAuthenticationFilter@1652a168, org.springframework.security.web.session.SessionManagementFilter@7ac71583, org.springframework.security.web.access.ExceptionTranslationFilter@4ef105b8, org.springframework.security.web.access.intercept.AuthorizationFilter@14a64f19]
2023-10-12T09:53:16.680+05:30  INFO 6524 --- [restartedMain] o.s.b.d.a.OptionalLiveReloadServer       : LiveReload server is running on port 35729
2023-10-12T09:53:16.763+05:30  INFO 6524 --- [restartedMain] o.s.b.w.embedded.tomcat.TomcatWebServer  : Tomcat started on port(s): 8181 (http) with context path ''
2023-10-12T09:53:16.785+05:30  INFO 6524 --- [restartedMain] com.cartit.NinjaCartApplication          : Started NinjaCartApplication in 5.773 seconds (process running for 6.602)
2023-10-12T09:53:17.844+05:30  INFO 6524 --- [RMI TCP Connection(9)-127.0.0.1] o.a.c.c.C.[Tomcat].[localhost].[/]       : Initializing Spring DispatcherServlet 'dispatcherServlet'
2023-10-12T09:53:17.845+05:30  INFO 6524 --- [RMI TCP Connection(9)-127.0.0.1] o.s.web.servlet.DispatcherServlet        : Initializing Servlet 'dispatcherServlet'
2023-10-12T09:53:17.846+05:30  INFO 6524 --- [RMI TCP Connection(9)-127.0.0.1] o.s.web.servlet.DispatcherServlet        : Completed initialization in 1 ms
2023-10-12T09:54:14.815+05:30  INFO 6524 --- [File Watcher] rtingClassPathChangeChangedEventListener : Restarting due to 1 class path change (0 additions, 0 deletions, 1 modification)
2023-10-12T09:54:14.832+05:30  INFO 6524 --- [Thread-5] o.apache.catalina.core.StandardService   : Stopping service [Tomcat]
2023-10-12T09:54:14.833+05:30  INFO 6524 --- [Thread-5] o.a.c.c.C.[Tomcat].[localhost].[/]       : Destroying Spring FrameworkServlet 'dispatcherServlet'
2023-10-12T09:54:14.836+05:30  WARN 6524 --- [Thread-5] o.a.c.loader.WebappClassLoaderBase       : The web application [ROOT] appears to have started a thread named [HikariPool-1 housekeeper] but has failed to stop it. This is very likely to create a memory leak. Stack trace of thread:
 java.base@17.0.7/jdk.internal.misc.Unsafe.park(Native Method)
 java.base@17.0.7/java.util.concurrent.locks.LockSupport.parkNanos(LockSupport.java:252)
 java.base@17.0.7/java.util.concurrent.locks.AbstractQueuedSynchronizer$ConditionObject.awaitNanos(AbstractQueuedSynchronizer.java:1672)
 java.base@17.0.7/java.util.concurrent.ScheduledThreadPoolExecutor$DelayedWorkQueue.take(ScheduledThreadPoolExecutor.java:1182)
 java.base@17.0.7/java.util.concurrent.ScheduledThreadPoolExecutor$DelayedWorkQueue.take(ScheduledThreadPoolExecutor.java:899)
 java.base@17.0.7/java.util.concurrent.ThreadPoolExecutor.getTask(ThreadPoolExecutor.java:1062)
 java.base@17.0.7/java.util.concurrent.ThreadPoolExecutor.runWorker(ThreadPoolExecutor.java:1122)
 java.base@17.0.7/java.util.concurrent.ThreadPoolExecutor$Worker.run(ThreadPoolExecutor.java:635)
 java.base@17.0.7/java.lang.Thread.run(Thread.java:833)
2023-10-12T09:54:14.844+05:30  INFO 6524 --- [Thread-5] j.LocalContainerEntityManagerFactoryBean : Closing JPA EntityManagerFactory for persistence unit 'default'
2023-10-12T09:54:14.850+05:30  INFO 6524 --- [Thread-5] com.zaxxer.hikari.HikariDataSource       : HikariPool-1 - Shutdown initiated...
2023-10-12T09:54:14.865+05:30  INFO 6524 --- [Thread-5] com.zaxxer.hikari.HikariDataSource       : HikariPool-1 - Shutdown completed.
2023-10-12T09:55:48.193+05:30  INFO 6524 --- [restartedMain] com.cartit.NinjaCartApplication          : Starting NinjaCartApplication using Java 17.0.7 with PID 6524 (D:\3yr proj\Sports-Spring-Backup\target\classes started by ADMIN in D:\3yr proj\Sports-Spring-Backup)
2023-10-12T09:55:48.194+05:30  INFO 6524 --- [restartedMain] com.cartit.NinjaCartApplication          : No active profile set, falling back to 1 default profile: "default"
2023-10-12T09:55:48.654+05:30  INFO 6524 --- [restartedMain] .s.d.r.c.RepositoryConfigurationDelegate : Bootstrapping Spring Data JPA repositories in DEFAULT mode.
2023-10-12T09:55:48.671+05:30  INFO 6524 --- [restartedMain] .s.d.r.c.RepositoryConfigurationDelegate : Finished Spring Data repository scanning in 16 ms. Found 3 JPA repository interfaces.
2023-10-12T09:55:48.858+05:30  INFO 6524 --- [restartedMain] o.s.b.w.embedded.tomcat.TomcatWebServer  : Tomcat initialized with port(s): 8181 (http)
2023-10-12T09:55:48.859+05:30  INFO 6524 --- [restartedMain] o.apache.catalina.core.StandardService   : Starting service [Tomcat]
2023-10-12T09:55:48.860+05:30  INFO 6524 --- [restartedMain] o.apache.catalina.core.StandardEngine    : Starting Servlet engine: [Apache Tomcat/10.1.13]
2023-10-12T09:55:48.888+05:30  INFO 6524 --- [restartedMain] o.a.c.c.C.[Tomcat].[localhost].[/]       : Initializing Spring embedded WebApplicationContext
2023-10-12T09:55:48.888+05:30  INFO 6524 --- [restartedMain] w.s.c.ServletWebServerApplicationContext : Root WebApplicationContext: initialization completed in 690 ms
2023-10-12T09:55:49.018+05:30  INFO 6524 --- [restartedMain] o.hibernate.jpa.internal.util.LogHelper  : HHH000204: Processing PersistenceUnitInfo [name: default]
2023-10-12T09:55:49.026+05:30  INFO 6524 --- [restartedMain] o.h.b.i.BytecodeProviderInitiator        : HHH000021: Bytecode provider name : bytebuddy
2023-10-12T09:55:49.026+05:30  INFO 6524 --- [restartedMain] o.s.o.j.p.SpringPersistenceUnitInfo      : No LoadTimeWeaver setup: ignoring JPA class transformer
2023-10-12T09:55:49.027+05:30  INFO 6524 --- [restartedMain] com.zaxxer.hikari.HikariDataSource       : HikariPool-2 - Starting...
2023-10-12T09:55:49.046+05:30  INFO 6524 --- [restartedMain] com.zaxxer.hikari.pool.HikariPool        : HikariPool-2 - Added connection com.mysql.cj.jdbc.ConnectionImpl@32c63ce4
2023-10-12T09:55:49.046+05:30  INFO 6524 --- [restartedMain] com.zaxxer.hikari.HikariDataSource       : HikariPool-2 - Start completed.
2023-10-12T09:55:49.047+05:30  WARN 6524 --- [restartedMain] org.hibernate.orm.deprecation            : HHH90000026: MySQL8Dialect has been deprecated; use org.hibernate.dialect.MySQLDialect instead
2023-10-12T09:55:49.065+05:30  INFO 6524 --- [restartedMain] o.h.b.i.BytecodeProviderInitiator        : HHH000021: Bytecode provider name : bytebuddy
2023-10-12T09:55:49.119+05:30  INFO 6524 --- [restartedMain] o.h.e.t.j.p.i.JtaPlatformInitiator       : HHH000490: Using JtaPlatform implementation: [org.hibernate.engine.transaction.jta.platform.internal.NoJtaPlatform]
2023-10-12T09:55:49.132+05:30  INFO 6524 --- [restartedMain] j.LocalContainerEntityManagerFactoryBean : Initialized JPA EntityManagerFactory for persistence unit 'default'
2023-10-12T09:55:49.414+05:30  WARN 6524 --- [restartedMain] JpaBaseConfiguration$JpaWebConfiguration : spring.jpa.open-in-view is enabled by default. Therefore, database queries may be performed during view rendering. Explicitly configure spring.jpa.open-in-view to disable this warning
2023-10-12T09:55:49.618+05:30  INFO 6524 --- [restartedMain] o.s.b.a.e.web.EndpointLinksResolver      : Exposing 1 endpoint(s) beneath base path '/actuator'
2023-10-12T09:55:49.659+05:30  INFO 6524 --- [restartedMain] o.s.s.web.DefaultSecurityFilterChain     : Will secure any request with [org.springframework.security.web.session.DisableEncodeUrlFilter@2563827f, org.springframework.security.web.context.request.async.WebAsyncManagerIntegrationFilter@b503bc3, org.springframework.security.web.context.SecurityContextHolderFilter@5160d2fc, org.springframework.security.web.header.HeaderWriterFilter@76c12461, org.springframework.web.filter.CorsFilter@203577be, org.springframework.security.web.authentication.logout.LogoutFilter@4b9ca030, com.cartit.config.JwtAuthenticationFilter@1446b005, org.springframework.security.web.savedrequest.RequestCacheAwareFilter@71309166, org.springframework.security.web.servletapi.SecurityContextHolderAwareRequestFilter@e2d410d, org.springframework.security.web.authentication.AnonymousAuthenticationFilter@67224b3a, org.springframework.security.web.session.SessionManagementFilter@6eaf9594, org.springframework.security.web.access.ExceptionTranslationFilter@46fcd19f, org.springframework.security.web.access.intercept.AuthorizationFilter@5a13b86a]
2023-10-12T09:55:49.811+05:30  INFO 6524 --- [restartedMain] o.s.b.d.a.OptionalLiveReloadServer       : LiveReload server is running on port 35729
2023-10-12T09:55:49.838+05:30  INFO 6524 --- [restartedMain] o.s.b.w.embedded.tomcat.TomcatWebServer  : Tomcat started on port(s): 8181 (http) with context path ''
2023-10-12T09:55:49.854+05:30  INFO 6524 --- [restartedMain] com.cartit.NinjaCartApplication          : Started NinjaCartApplication in 1.704 seconds (process running for 159.672)
2023-10-12T09:55:49.859+05:30  INFO 6524 --- [restartedMain] .ConditionEvaluationDeltaLoggingListener : Condition evaluation unchanged
2023-10-12T09:56:22.312+05:30  INFO 6524 --- [http-nio-8181-exec-1] o.a.c.c.C.[Tomcat].[localhost].[/]       : Initializing Spring DispatcherServlet 'dispatcherServlet'
2023-10-12T09:56:22.313+05:30  INFO 6524 --- [http-nio-8181-exec-1] o.s.web.servlet.DispatcherServlet        : Initializing Servlet 'dispatcherServlet'
2023-10-12T09:56:22.317+05:30  INFO 6524 --- [http-nio-8181-exec-1] o.s.web.servlet.DispatcherServlet        : Completed initialization in 4 ms
2023-10-12T09:56:22.341+05:30 DEBUG 6524 --- [http-nio-8181-exec-1] o.s.security.web.FilterChainProxy        : Securing OPTIONS /api/auth/login
2023-10-12T09:56:22.389+05:30 DEBUG 6524 --- [http-nio-8181-exec-2] o.s.security.web.FilterChainProxy        : Securing POST /api/auth/login
2023-10-12T09:56:22.397+05:30 DEBUG 6524 --- [http-nio-8181-exec-2] o.s.s.w.a.AnonymousAuthenticationFilter  : Set SecurityContextHolder to anonymous SecurityContext
2023-10-12T09:56:22.406+05:30 DEBUG 6524 --- [http-nio-8181-exec-2] o.s.security.web.FilterChainProxy        : Secured POST /api/auth/login
2023-10-12T09:56:22.808+05:30 DEBUG 6524 --- [http-nio-8181-exec-2] o.s.s.a.dao.DaoAuthenticationProvider    : Failed to find user '727821tucs061@skct.edu.in'
2023-10-12T09:56:22.815+05:30 DEBUG 6524 --- [http-nio-8181-exec-2] o.s.s.w.a.Http403ForbiddenEntryPoint     : Pre-authenticated entry point called. Rejecting access
2023-10-12T09:56:22.819+05:30 DEBUG 6524 --- [http-nio-8181-exec-2] o.s.security.web.FilterChainProxy        : Securing POST /error
2023-10-12T09:56:22.822+05:30 DEBUG 6524 --- [http-nio-8181-exec-2] o.s.s.w.a.AnonymousAuthenticationFilter  : Set SecurityContextHolder to anonymous SecurityContext
2023-10-12T09:56:22.823+05:30 DEBUG 6524 --- [http-nio-8181-exec-2] o.s.s.w.a.Http403ForbiddenEntryPoint     : Pre-authenticated entry point called. Rejecting access
2023-10-12T09:57:38.517+05:30 DEBUG 6524 --- [http-nio-8181-exec-4] o.s.security.web.FilterChainProxy        : Securing OPTIONS /api/auth/login
2023-10-12T09:57:38.522+05:30 DEBUG 6524 --- [http-nio-8181-exec-6] o.s.security.web.FilterChainProxy        : Securing POST /api/auth/login
2023-10-12T09:57:38.524+05:30 DEBUG 6524 --- [http-nio-8181-exec-6] o.s.s.w.a.AnonymousAuthenticationFilter  : Set SecurityContextHolder to anonymous SecurityContext
2023-10-12T09:57:38.526+05:30 DEBUG 6524 --- [http-nio-8181-exec-6] o.s.security.web.FilterChainProxy        : Secured POST /api/auth/login
2023-10-12T09:57:38.650+05:30 DEBUG 6524 --- [http-nio-8181-exec-6] o.s.s.a.dao.DaoAuthenticationProvider    : Authenticated user
2023-10-12T10:06:52.720+05:30 DEBUG 6524 --- [http-nio-8181-exec-10] o.s.security.web.FilterChainProxy        : Securing OPTIONS /api/auth/login
2023-10-12T10:06:52.726+05:30 DEBUG 6524 --- [http-nio-8181-exec-5] o.s.security.web.FilterChainProxy        : Securing POST /api/auth/login
2023-10-12T10:06:52.727+05:30 DEBUG 6524 --- [http-nio-8181-exec-5] o.s.s.w.a.AnonymousAuthenticationFilter  : Set SecurityContextHolder to anonymous SecurityContext
2023-10-12T10:06:52.727+05:30 DEBUG 6524 --- [http-nio-8181-exec-5] o.s.security.web.FilterChainProxy        : Secured POST /api/auth/login
2023-10-12T10:06:52.836+05:30 DEBUG 6524 --- [http-nio-8181-exec-5] o.s.s.a.dao.DaoAuthenticationProvider    : Failed to find user '727821tucs061@skct.edu.in'
2023-10-12T10:06:52.838+05:30 DEBUG 6524 --- [http-nio-8181-exec-5] o.s.s.w.a.Http403ForbiddenEntryPoint     : Pre-authenticated entry point called. Rejecting access
2023-10-12T10:06:52.839+05:30 DEBUG 6524 --- [http-nio-8181-exec-5] o.s.security.web.FilterChainProxy        : Securing POST /error
2023-10-12T10:06:52.842+05:30 DEBUG 6524 --- [http-nio-8181-exec-5] o.s.s.w.a.AnonymousAuthenticationFilter  : Set SecurityContextHolder to anonymous SecurityContext
2023-10-12T10:06:52.843+05:30 DEBUG 6524 --- [http-nio-8181-exec-5] o.s.s.w.a.Http403ForbiddenEntryPoint     : Pre-authenticated entry point called. Rejecting access
2023-10-12T10:07:21.149+05:30 DEBUG 6524 --- [http-nio-8181-exec-8] o.s.security.web.FilterChainProxy        : Securing OPTIONS /api/auth/login
2023-10-12T10:07:21.152+05:30 DEBUG 6524 --- [http-nio-8181-exec-9] o.s.security.web.FilterChainProxy        : Securing POST /api/auth/login
2023-10-12T10:07:21.153+05:30 DEBUG 6524 --- [http-nio-8181-exec-9] o.s.s.w.a.AnonymousAuthenticationFilter  : Set SecurityContextHolder to anonymous SecurityContext
2023-10-12T10:07:21.154+05:30 DEBUG 6524 --- [http-nio-8181-exec-9] o.s.security.web.FilterChainProxy        : Secured POST /api/auth/login
2023-10-12T10:07:21.249+05:30 DEBUG 6524 --- [http-nio-8181-exec-9] o.s.s.a.dao.DaoAuthenticationProvider    : Authenticated user
2023-10-12T10:36:12.103+05:30  WARN 6524 --- [HikariPool-2 housekeeper] com.zaxxer.hikari.pool.HikariPool        : HikariPool-2 - Thread starvation or clock leap detected (housekeeper delta=4m52s455ms788µs900ns).
